{"/Users/marinosantos/nodeproject/ts-api-ecommercemvvm/src/config/jwt.ts": {"path":"/Users/marinosantos/nodeproject/ts-api-ecommercemvvm/src/config/jwt.ts","statementMap":{"0":{"start":{"line":1,"column":0},"end":{"line":1,"column":31}},"1":{"start":{"line":3,"column":19},"end":{"line":3,"column":57}},"2":{"start":{"line":4,"column":19},"end":{"line":4,"column":23}},"3":{"start":{"line":6,"column":29},"end":{"line":8,"column":1}},"4":{"start":{"line":7,"column":4},"end":{"line":7,"column":68}},"5":{"start":{"line":6,"column":13},"end":{"line":6,"column":29}},"6":{"start":{"line":10,"column":27},"end":{"line":12,"column":1}},"7":{"start":{"line":11,"column":4},"end":{"line":11,"column":41}},"8":{"start":{"line":10,"column":13},"end":{"line":10,"column":27}}},"fnMap":{"0":{"name":"(anonymous_1)","decl":{"start":{"line":6,"column":29},"end":{"line":6,"column":30}},"loc":{"start":{"line":6,"column":49},"end":{"line":8,"column":1}}},"1":{"name":"(anonymous_2)","decl":{"start":{"line":10,"column":27},"end":{"line":10,"column":28}},"loc":{"start":{"line":10,"column":45},"end":{"line":12,"column":1}}}},"branchMap":{"0":{"loc":{"start":{"line":3,"column":19},"end":{"line":3,"column":57}},"type":"binary-expr","locations":[{"start":{"line":3,"column":19},"end":{"line":3,"column":41}},{"start":{"line":3,"column":45},"end":{"line":3,"column":57}}]}},"s":{"0":1,"1":1,"2":1,"3":1,"4":4,"5":1,"6":1,"7":4,"8":1},"f":{"0":4,"1":4},"b":{"0":[1,1]}}
,"/Users/marinosantos/nodeproject/ts-api-ecommercemvvm/src/controllers/auth.controller.ts": {"path":"/Users/marinosantos/nodeproject/ts-api-ecommercemvvm/src/controllers/auth.controller.ts","statementMap":{"0":{"start":{"line":2,"column":0},"end":{"line":2,"column":56}},"1":{"start":{"line":4,"column":24},"end":{"line":11,"column":1}},"2":{"start":{"line":5,"column":4},"end":{"line":10,"column":5}},"3":{"start":{"line":6,"column":23},"end":{"line":6,"column":59}},"4":{"start":{"line":7,"column":8},"end":{"line":7,"column":44}},"5":{"start":{"line":9,"column":8},"end":{"line":9,"column":18}},"6":{"start":{"line":4,"column":13},"end":{"line":4,"column":24}},"7":{"start":{"line":13,"column":21},"end":{"line":20,"column":1}},"8":{"start":{"line":14,"column":4},"end":{"line":19,"column":5}},"9":{"start":{"line":15,"column":23},"end":{"line":15,"column":60}},"10":{"start":{"line":16,"column":8},"end":{"line":16,"column":44}},"11":{"start":{"line":18,"column":8},"end":{"line":18,"column":18}},"12":{"start":{"line":13,"column":13},"end":{"line":13,"column":21}}},"fnMap":{"0":{"name":"(anonymous_9)","decl":{"start":{"line":4,"column":24},"end":{"line":4,"column":29}},"loc":{"start":{"line":4,"column":82},"end":{"line":11,"column":1}}},"1":{"name":"(anonymous_10)","decl":{"start":{"line":13,"column":21},"end":{"line":13,"column":26}},"loc":{"start":{"line":13,"column":79},"end":{"line":20,"column":1}}}},"branchMap":{},"s":{"0":0,"1":0,"2":0,"3":0,"4":0,"5":0,"6":0,"7":0,"8":0,"9":0,"10":0,"11":0,"12":0},"f":{"0":0,"1":0},"b":{}}
,"/Users/marinosantos/nodeproject/ts-api-ecommercemvvm/src/controllers/users.controller.ts": {"path":"/Users/marinosantos/nodeproject/ts-api-ecommercemvvm/src/controllers/users.controller.ts","statementMap":{"0":{"start":{"line":2,"column":0},"end":{"line":2,"column":57}},"1":{"start":{"line":4,"column":22},"end":{"line":14,"column":1}},"2":{"start":{"line":5,"column":4},"end":{"line":13,"column":5}},"3":{"start":{"line":6,"column":19},"end":{"line":6,"column":40}},"4":{"start":{"line":7,"column":21},"end":{"line":7,"column":29}},"5":{"start":{"line":8,"column":21},"end":{"line":8,"column":29}},"6":{"start":{"line":9,"column":21},"end":{"line":9,"column":61}},"7":{"start":{"line":10,"column":8},"end":{"line":10,"column":42}},"8":{"start":{"line":12,"column":8},"end":{"line":12,"column":18}},"9":{"start":{"line":4,"column":13},"end":{"line":4,"column":22}},"10":{"start":{"line":16,"column":24},"end":{"line":24,"column":1}},"11":{"start":{"line":17,"column":4},"end":{"line":23,"column":5}},"12":{"start":{"line":18,"column":23},"end":{"line":18,"column":33}},"13":{"start":{"line":19,"column":21},"end":{"line":19,"column":59}},"14":{"start":{"line":20,"column":8},"end":{"line":20,"column":42}},"15":{"start":{"line":22,"column":8},"end":{"line":22,"column":18}},"16":{"start":{"line":16,"column":13},"end":{"line":16,"column":24}}},"fnMap":{"0":{"name":"(anonymous_9)","decl":{"start":{"line":4,"column":22},"end":{"line":4,"column":27}},"loc":{"start":{"line":4,"column":80},"end":{"line":14,"column":1}}},"1":{"name":"(anonymous_10)","decl":{"start":{"line":16,"column":24},"end":{"line":16,"column":29}},"loc":{"start":{"line":16,"column":82},"end":{"line":24,"column":1}}}},"branchMap":{},"s":{"0":0,"1":0,"2":0,"3":0,"4":0,"5":0,"6":0,"7":0,"8":0,"9":0,"10":0,"11":0,"12":0,"13":0,"14":0,"15":0,"16":0},"f":{"0":0,"1":0},"b":{}}
,"/Users/marinosantos/nodeproject/ts-api-ecommercemvvm/src/database/prismaClient.ts": {"path":"/Users/marinosantos/nodeproject/ts-api-ecommercemvvm/src/database/prismaClient.ts","statementMap":{"0":{"start":{"line":1,"column":0},"end":{"line":1,"column":23}},"1":{"start":{"line":2,"column":0},"end":{"line":2,"column":56}},"2":{"start":{"line":3,"column":0},"end":{"line":3,"column":58}},"3":{"start":{"line":5,"column":16},"end":{"line":12,"column":2}},"4":{"start":{"line":14,"column":15},"end":{"line":14,"column":44}},"5":{"start":{"line":16,"column":9},"end":{"line":16,"column":15}}},"fnMap":{},"branchMap":{},"s":{"0":0,"1":0,"2":0,"3":0,"4":0,"5":0},"f":{},"b":{}}
,"/Users/marinosantos/nodeproject/ts-api-ecommercemvvm/src/generated/prisma/browser.ts": {"path":"/Users/marinosantos/nodeproject/ts-api-ecommercemvvm/src/generated/prisma/browser.ts","statementMap":{"0":{"start":{"line":16,"column":0},"end":{"line":16,"column":62}},"1":{"start":{"line":17,"column":9},"end":{"line":17,"column":15}},"2":{"start":{"line":18,"column":0},"end":{"line":18,"column":36}},"3":{"start":{"line":19,"column":0},"end":{"line":19,"column":27}}},"fnMap":{},"branchMap":{},"s":{"0":0,"1":0,"2":0,"3":0},"f":{},"b":{}}
,"/Users/marinosantos/nodeproject/ts-api-ecommercemvvm/src/generated/prisma/client.ts": {"path":"/Users/marinosantos/nodeproject/ts-api-ecommercemvvm/src/generated/prisma/client.ts","statementMap":{"0":{"start":{"line":14,"column":0},"end":{"line":14,"column":33}},"1":{"start":{"line":15,"column":0},"end":{"line":15,"column":40}},"2":{"start":{"line":16,"column":0},"end":{"line":16,"column":null}},"3":{"start":{"line":20,"column":0},"end":{"line":20,"column":45}},"4":{"start":{"line":21,"column":0},"end":{"line":21,"column":55}},"5":{"start":{"line":42,"column":9},"end":{"line":42,"column":15}},"6":{"start":{"line":23,"column":0},"end":{"line":23,"column":36}},"7":{"start":{"line":24,"column":0},"end":{"line":24,"column":26}},"8":{"start":{"line":40,"column":13},"end":{"line":40,"column":null}}},"fnMap":{},"branchMap":{},"s":{"0":0,"1":0,"2":0,"3":0,"4":0,"5":0,"6":0,"7":0,"8":0},"f":{},"b":{}}
,"/Users/marinosantos/nodeproject/ts-api-ecommercemvvm/src/generated/prisma/internal/class.ts": {"path":"/Users/marinosantos/nodeproject/ts-api-ecommercemvvm/src/generated/prisma/internal/class.ts","statementMap":{"0":{"start":{"line":222,"column":0},"end":{"line":222,"column":16}},"1":{"start":{"line":14,"column":0},"end":{"line":14,"column":56}},"2":{"start":{"line":18,"column":46},"end":{"line":33,"column":null}},"3":{"start":{"line":35,"column":0},"end":{"line":35,"column":null}},"4":{"start":{"line":36,"column":0},"end":{"line":39,"column":null}},"5":{"start":{"line":42,"column":21},"end":{"line":42,"column":48}},"6":{"start":{"line":43,"column":20},"end":{"line":43,"column":53}},"7":{"start":{"line":44,"column":2},"end":{"line":44,"column":null}},"8":{"start":{"line":47,"column":0},"end":{"line":56,"column":null}},"9":{"start":{"line":48,"column":26},"end":{"line":48,"column":97}},"10":{"start":{"line":51,"column":21},"end":{"line":51,"column":104}},"11":{"start":{"line":52,"column":4},"end":{"line":52,"column":null}},"12":{"start":{"line":223,"column":2},"end":{"line":223,"column":null}}},"fnMap":{"0":{"name":"decodeBase64AsWasm","decl":{"start":{"line":41,"column":15},"end":{"line":41,"column":33}},"loc":{"start":{"line":41,"column":52},"end":{"line":45,"column":1}}},"1":{"name":"(anonymous_10)","decl":{"start":{"line":48,"column":14},"end":{"line":48,"column":19}},"loc":{"start":{"line":48,"column":26},"end":{"line":48,"column":97}}},"2":{"name":"(anonymous_11)","decl":{"start":{"line":50,"column":30},"end":{"line":50,"column":35}},"loc":{"start":{"line":50,"column":41},"end":{"line":53,"column":3}}},"3":{"name":"getPrismaClientClass","decl":{"start":{"line":222,"column":16},"end":{"line":222,"column":36}},"loc":{"start":{"line":222,"column":36},"end":{"line":224,"column":1}}}},"branchMap":{},"s":{"0":0,"1":0,"2":0,"3":0,"4":0,"5":0,"6":0,"7":0,"8":0,"9":0,"10":0,"11":0,"12":0},"f":{"0":0,"1":0,"2":0,"3":0},"b":{}}
,"/Users/marinosantos/nodeproject/ts-api-ecommercemvvm/src/generated/prisma/internal/prismaNamespace.ts": {"path":"/Users/marinosantos/nodeproject/ts-api-ecommercemvvm/src/generated/prisma/internal/prismaNamespace.ts","statementMap":{"0":{"start":{"line":18,"column":0},"end":{"line":18,"column":56}},"1":{"start":{"line":32,"column":13},"end":{"line":32,"column":null}},"2":{"start":{"line":35,"column":13},"end":{"line":35,"column":null}},"3":{"start":{"line":38,"column":13},"end":{"line":38,"column":null}},"4":{"start":{"line":41,"column":13},"end":{"line":41,"column":null}},"5":{"start":{"line":44,"column":13},"end":{"line":44,"column":null}},"6":{"start":{"line":50,"column":13},"end":{"line":50,"column":null}},"7":{"start":{"line":51,"column":13},"end":{"line":51,"column":null}},"8":{"start":{"line":52,"column":13},"end":{"line":52,"column":null}},"9":{"start":{"line":53,"column":13},"end":{"line":53,"column":null}},"10":{"start":{"line":54,"column":13},"end":{"line":54,"column":null}},"11":{"start":{"line":62,"column":13},"end":{"line":62,"column":null}},"12":{"start":{"line":71,"column":13},"end":{"line":71,"column":null}},"13":{"start":{"line":86,"column":13},"end":{"line":89,"column":null}},"14":{"start":{"line":104,"column":13},"end":{"line":108,"column":null}},"15":{"start":{"line":114,"column":13},"end":{"line":114,"column":null}},"16":{"start":{"line":121,"column":13},"end":{"line":121,"column":null}},"17":{"start":{"line":128,"column":13},"end":{"line":128,"column":null}},"18":{"start":{"line":386,"column":13},"end":{"line":390,"column":null}},"19":{"start":{"line":636,"column":13},"end":{"line":641,"column":null}},"20":{"start":{"line":646,"column":13},"end":{"line":657,"column":null}},"21":{"start":{"line":662,"column":13},"end":{"line":669,"column":null}},"22":{"start":{"line":674,"column":13},"end":{"line":677,"column":null}},"23":{"start":{"line":682,"column":13},"end":{"line":685,"column":null}},"24":{"start":{"line":690,"column":13},"end":{"line":693,"column":null}},"25":{"start":{"line":698,"column":13},"end":{"line":706,"column":null}},"26":{"start":{"line":711,"column":13},"end":{"line":716,"column":null}},"27":{"start":{"line":721,"column":13},"end":{"line":723,"column":null}},"28":{"start":{"line":768,"column":13},"end":{"line":768,"column":null}}},"fnMap":{},"branchMap":{},"s":{"0":0,"1":0,"2":0,"3":0,"4":0,"5":0,"6":0,"7":0,"8":0,"9":0,"10":0,"11":0,"12":0,"13":0,"14":0,"15":0,"16":0,"17":0,"18":0,"19":0,"20":0,"21":0,"22":0,"23":0,"24":0,"25":0,"26":0,"27":0,"28":0},"f":{},"b":{}}
,"/Users/marinosantos/nodeproject/ts-api-ecommercemvvm/src/generated/prisma/internal/prismaNamespaceBrowser.ts": {"path":"/Users/marinosantos/nodeproject/ts-api-ecommercemvvm/src/generated/prisma/internal/prismaNamespaceBrowser.ts","statementMap":{"0":{"start":{"line":18,"column":0},"end":{"line":18,"column":63}},"1":{"start":{"line":23,"column":13},"end":{"line":23,"column":null}},"2":{"start":{"line":26,"column":13},"end":{"line":30,"column":null}},"3":{"start":{"line":36,"column":13},"end":{"line":36,"column":null}},"4":{"start":{"line":43,"column":13},"end":{"line":43,"column":null}},"5":{"start":{"line":50,"column":13},"end":{"line":50,"column":null}},"6":{"start":{"line":53,"column":13},"end":{"line":57,"column":null}},"7":{"start":{"line":65,"column":13},"end":{"line":70,"column":null}},"8":{"start":{"line":75,"column":13},"end":{"line":86,"column":null}},"9":{"start":{"line":91,"column":13},"end":{"line":98,"column":null}},"10":{"start":{"line":103,"column":13},"end":{"line":106,"column":null}},"11":{"start":{"line":111,"column":13},"end":{"line":114,"column":null}},"12":{"start":{"line":119,"column":13},"end":{"line":122,"column":null}},"13":{"start":{"line":127,"column":13},"end":{"line":135,"column":null}},"14":{"start":{"line":140,"column":13},"end":{"line":145,"column":null}},"15":{"start":{"line":150,"column":13},"end":{"line":152,"column":null}}},"fnMap":{},"branchMap":{},"s":{"0":0,"1":0,"2":0,"3":0,"4":0,"5":0,"6":0,"7":0,"8":0,"9":0,"10":0,"11":0,"12":0,"13":0,"14":0,"15":0},"f":{},"b":{}}
,"/Users/marinosantos/nodeproject/ts-api-ecommercemvvm/src/middlewares/authMiddleware.ts": {"path":"/Users/marinosantos/nodeproject/ts-api-ecommercemvvm/src/middlewares/authMiddleware.ts","statementMap":{"0":{"start":{"line":2,"column":0},"end":{"line":2,"column":45}},"1":{"start":{"line":3,"column":0},"end":{"line":3,"column":44}},"2":{"start":{"line":9,"column":30},"end":{"line":28,"column":1}},"3":{"start":{"line":10,"column":23},"end":{"line":10,"column":48}},"4":{"start":{"line":12,"column":4},"end":{"line":14,"column":5}},"5":{"start":{"line":13,"column":8},"end":{"line":13,"column":73}},"6":{"start":{"line":16,"column":18},"end":{"line":16,"column":42}},"7":{"start":{"line":18,"column":4},"end":{"line":27,"column":5}},"8":{"start":{"line":22,"column":24},"end":{"line":22,"column":43}},"9":{"start":{"line":23,"column":8},"end":{"line":23,"column":27}},"10":{"start":{"line":24,"column":8},"end":{"line":24,"column":15}},"11":{"start":{"line":26,"column":8},"end":{"line":26,"column":62}},"12":{"start":{"line":9,"column":13},"end":{"line":9,"column":30}}},"fnMap":{"0":{"name":"(anonymous_0)","decl":{"start":{"line":9,"column":30},"end":{"line":9,"column":31}},"loc":{"start":{"line":9,"column":86},"end":{"line":28,"column":1}}}},"branchMap":{"0":{"loc":{"start":{"line":12,"column":4},"end":{"line":14,"column":5}},"type":"if","locations":[{"start":{"line":12,"column":4},"end":{"line":14,"column":5}},{"start":{},"end":{}}]},"1":{"loc":{"start":{"line":12,"column":8},"end":{"line":12,"column":56}},"type":"binary-expr","locations":[{"start":{"line":12,"column":8},"end":{"line":12,"column":19}},{"start":{"line":12,"column":23},"end":{"line":12,"column":56}}]}},"s":{"0":0,"1":0,"2":0,"3":0,"4":0,"5":0,"6":0,"7":0,"8":0,"9":0,"10":0,"11":0,"12":0},"f":{"0":0},"b":{"0":[0,0],"1":[0,0]}}
,"/Users/marinosantos/nodeproject/ts-api-ecommercemvvm/src/middlewares/errorHandler.ts": {"path":"/Users/marinosantos/nodeproject/ts-api-ecommercemvvm/src/middlewares/errorHandler.ts","statementMap":{"0":{"start":{"line":2,"column":0},"end":{"line":2,"column":45}},"1":{"start":{"line":4,"column":28},"end":{"line":23,"column":1}},"2":{"start":{"line":10,"column":4},"end":{"line":15,"column":5}},"3":{"start":{"line":11,"column":8},"end":{"line":14,"column":11}},"4":{"start":{"line":17,"column":4},"end":{"line":17,"column":23}},"5":{"start":{"line":19,"column":4},"end":{"line":22,"column":7}},"6":{"start":{"line":4,"column":13},"end":{"line":4,"column":28}}},"fnMap":{"0":{"name":"(anonymous_0)","decl":{"start":{"line":4,"column":28},"end":{"line":4,"column":null}},"loc":{"start":{"line":9,"column":4},"end":{"line":23,"column":1}}}},"branchMap":{"0":{"loc":{"start":{"line":10,"column":4},"end":{"line":15,"column":5}},"type":"if","locations":[{"start":{"line":10,"column":4},"end":{"line":15,"column":5}},{"start":{},"end":{}}]}},"s":{"0":0,"1":0,"2":0,"3":0,"4":0,"5":0,"6":0},"f":{"0":0},"b":{"0":[0,0]}}
,"/Users/marinosantos/nodeproject/ts-api-ecommercemvvm/src/middlewares/upload.middleware.ts": {"path":"/Users/marinosantos/nodeproject/ts-api-ecommercemvvm/src/middlewares/upload.middleware.ts","statementMap":{"0":{"start":{"line":1,"column":0},"end":{"line":1,"column":28}},"1":{"start":{"line":2,"column":0},"end":{"line":2,"column":24}},"2":{"start":{"line":3,"column":0},"end":{"line":3,"column":20}},"3":{"start":{"line":5,"column":16},"end":{"line":16,"column":2}},"4":{"start":{"line":7,"column":23},"end":{"line":7,"column":36}},"5":{"start":{"line":8,"column":27},"end":{"line":8,"column":87}},"6":{"start":{"line":9,"column":8},"end":{"line":9,"column":54}},"7":{"start":{"line":10,"column":8},"end":{"line":10,"column":29}},"8":{"start":{"line":13,"column":20},"end":{"line":13,"column":51}},"9":{"start":{"line":14,"column":8},"end":{"line":14,"column":34}},"10":{"start":{"line":18,"column":13},"end":{"line":30,"column":null}},"11":{"start":{"line":21,"column":24},"end":{"line":21,"column":64}},"12":{"start":{"line":22,"column":8},"end":{"line":24,"column":9}},"13":{"start":{"line":23,"column":12},"end":{"line":23,"column":77}},"14":{"start":{"line":28,"column":8},"end":{"line":28,"column":23}}},"fnMap":{"0":{"name":"(anonymous_1)","decl":{"start":{"line":6,"column":17},"end":{"line":6,"column":18}},"loc":{"start":{"line":6,"column":35},"end":{"line":11,"column":5}}},"1":{"name":"(anonymous_2)","decl":{"start":{"line":12,"column":14},"end":{"line":12,"column":15}},"loc":{"start":{"line":12,"column":32},"end":{"line":15,"column":5}}},"2":{"name":"(anonymous_3)","decl":{"start":{"line":20,"column":16},"end":{"line":20,"column":17}},"loc":{"start":{"line":20,"column":34},"end":{"line":29,"column":5}}}},"branchMap":{"0":{"loc":{"start":{"line":22,"column":8},"end":{"line":24,"column":9}},"type":"if","locations":[{"start":{"line":22,"column":8},"end":{"line":24,"column":9}},{"start":{},"end":{}}]}},"s":{"0":0,"1":0,"2":0,"3":0,"4":0,"5":0,"6":0,"7":0,"8":0,"9":0,"10":0,"11":0,"12":0,"13":0,"14":0},"f":{"0":0,"1":0,"2":0},"b":{"0":[0,0]}}
,"/Users/marinosantos/nodeproject/ts-api-ecommercemvvm/src/middlewares/validateBody.ts": {"path":"/Users/marinosantos/nodeproject/ts-api-ecommercemvvm/src/middlewares/validateBody.ts","statementMap":{"0":{"start":{"line":4,"column":28},"end":{"line":18,"column":1}},"1":{"start":{"line":5,"column":4},"end":{"line":17,"column":null}},"2":{"start":{"line":6,"column":23},"end":{"line":6,"column":49}},"3":{"start":{"line":7,"column":8},"end":{"line":13,"column":9}},"4":{"start":{"line":8,"column":29},"end":{"line":8,"column":76}},"5":{"start":{"line":8,"column":62},"end":{"line":8,"column":75}},"6":{"start":{"line":9,"column":12},"end":{"line":12,"column":15}},"7":{"start":{"line":15,"column":8},"end":{"line":15,"column":31}},"8":{"start":{"line":16,"column":8},"end":{"line":16,"column":15}},"9":{"start":{"line":4,"column":13},"end":{"line":4,"column":28}}},"fnMap":{"0":{"name":"(anonymous_0)","decl":{"start":{"line":4,"column":28},"end":{"line":4,"column":29}},"loc":{"start":{"line":4,"column":53},"end":{"line":18,"column":1}}},"1":{"name":"(anonymous_1)","decl":{"start":{"line":5,"column":11},"end":{"line":5,"column":12}},"loc":{"start":{"line":5,"column":63},"end":{"line":17,"column":5}}},"2":{"name":"(anonymous_2)","decl":{"start":{"line":8,"column":53},"end":{"line":8,"column":58}},"loc":{"start":{"line":8,"column":62},"end":{"line":8,"column":75}}}},"branchMap":{"0":{"loc":{"start":{"line":7,"column":8},"end":{"line":13,"column":9}},"type":"if","locations":[{"start":{"line":7,"column":8},"end":{"line":13,"column":9}},{"start":{},"end":{}}]},"1":{"loc":{"start":{"line":10,"column":25},"end":{"line":10,"column":71}},"type":"cond-expr","locations":[{"start":{"line":10,"column":49},"end":{"line":10,"column":60}},{"start":{"line":10,"column":63},"end":{"line":10,"column":71}}]}},"s":{"0":1,"1":5,"2":5,"3":5,"4":3,"5":4,"6":3,"7":2,"8":2,"9":1},"f":{"0":5,"1":5,"2":4},"b":{"0":[3,2],"1":[2,1]}}
,"/Users/marinosantos/nodeproject/ts-api-ecommercemvvm/src/routes/auth.routes.ts": {"path":"/Users/marinosantos/nodeproject/ts-api-ecommercemvvm/src/routes/auth.routes.ts","statementMap":{"0":{"start":{"line":1,"column":0},"end":{"line":1,"column":30}},"1":{"start":{"line":2,"column":0},"end":{"line":2,"column":59}},"2":{"start":{"line":3,"column":0},"end":{"line":3,"column":59}},"3":{"start":{"line":4,"column":0},"end":{"line":4,"column":65}},"4":{"start":{"line":5,"column":0},"end":{"line":5,"column":64}},"5":{"start":{"line":7,"column":15},"end":{"line":7,"column":31}},"6":{"start":{"line":9,"column":0},"end":{"line":9,"column":56}},"7":{"start":{"line":10,"column":0},"end":{"line":10,"column":67}},"8":{"start":{"line":12,"column":0},"end":{"line":12,"column":22}}},"fnMap":{},"branchMap":{},"s":{"0":0,"1":0,"2":0,"3":0,"4":0,"5":0,"6":0,"7":0,"8":0},"f":{},"b":{}}
,"/Users/marinosantos/nodeproject/ts-api-ecommercemvvm/src/routes/users.routes.ts": {"path":"/Users/marinosantos/nodeproject/ts-api-ecommercemvvm/src/routes/users.routes.ts","statementMap":{"0":{"start":{"line":1,"column":0},"end":{"line":1,"column":30}},"1":{"start":{"line":2,"column":0},"end":{"line":2,"column":67}},"2":{"start":{"line":3,"column":0},"end":{"line":3,"column":63}},"3":{"start":{"line":4,"column":0},"end":{"line":4,"column":58}},"4":{"start":{"line":5,"column":0},"end":{"line":5,"column":59}},"5":{"start":{"line":6,"column":0},"end":{"line":6,"column":64}},"6":{"start":{"line":8,"column":15},"end":{"line":8,"column":31}},"7":{"start":{"line":10,"column":0},"end":{"line":10,"column":45}},"8":{"start":{"line":11,"column":0},"end":{"line":11,"column":105}},"9":{"start":{"line":13,"column":0},"end":{"line":13,"column":22}}},"fnMap":{},"branchMap":{},"s":{"0":0,"1":0,"2":0,"3":0,"4":0,"5":0,"6":0,"7":0,"8":0,"9":0},"f":{},"b":{}}
,"/Users/marinosantos/nodeproject/ts-api-ecommercemvvm/src/services/auth.service.ts": {"path":"/Users/marinosantos/nodeproject/ts-api-ecommercemvvm/src/services/auth.service.ts","statementMap":{"0":{"start":{"line":1,"column":0},"end":{"line":1,"column":30}},"1":{"start":{"line":2,"column":0},"end":{"line":2,"column":50}},"2":{"start":{"line":3,"column":0},"end":{"line":3,"column":45}},"3":{"start":{"line":5,"column":0},"end":{"line":5,"column":46}},"4":{"start":{"line":11,"column":24},"end":{"line":73,"column":1}},"5":{"start":{"line":12,"column":55},"end":{"line":12,"column":59}},"6":{"start":{"line":14,"column":27},"end":{"line":14,"column":58}},"7":{"start":{"line":16,"column":19},"end":{"line":70,"column":6}},"8":{"start":{"line":17,"column":21},"end":{"line":25,"column":10}},"9":{"start":{"line":27,"column":27},"end":{"line":29,"column":10}},"10":{"start":{"line":31,"column":8},"end":{"line":33,"column":9}},"11":{"start":{"line":32,"column":12},"end":{"line":32,"column":68}},"12":{"start":{"line":35,"column":8},"end":{"line":40,"column":11}},"13":{"start":{"line":45,"column":22},"end":{"line":48,"column":10}},"14":{"start":{"line":50,"column":8},"end":{"line":69,"column":null}},"15":{"start":{"line":72,"column":4},"end":{"line":72,"column":18}},"16":{"start":{"line":11,"column":13},"end":{"line":11,"column":24}},"17":{"start":{"line":75,"column":25},"end":{"line":131,"column":1}},"18":{"start":{"line":76,"column":17},"end":{"line":88,"column":6}},"19":{"start":{"line":90,"column":4},"end":{"line":92,"column":5}},"20":{"start":{"line":91,"column":8},"end":{"line":91,"column":57}},"21":{"start":{"line":94,"column":28},"end":{"line":94,"column":78}},"22":{"start":{"line":96,"column":4},"end":{"line":98,"column":5}},"23":{"start":{"line":97,"column":8},"end":{"line":97,"column":57}},"24":{"start":{"line":103,"column":18},"end":{"line":106,"column":6}},"25":{"start":{"line":111,"column":45},"end":{"line":111,"column":49}},"26":{"start":{"line":116,"column":27},"end":{"line":121,"column":7}},"27":{"start":{"line":116,"column":52},"end":{"line":121,"column":6}},"28":{"start":{"line":123,"column":4},"end":{"line":130,"column":null}},"29":{"start":{"line":75,"column":13},"end":{"line":75,"column":25}}},"fnMap":{"0":{"name":"(anonymous_1)","decl":{"start":{"line":11,"column":24},"end":{"line":11,"column":29}},"loc":{"start":{"line":11,"column":56},"end":{"line":73,"column":1}}},"1":{"name":"(anonymous_2)","decl":{"start":{"line":16,"column":45},"end":{"line":16,"column":50}},"loc":{"start":{"line":16,"column":58},"end":{"line":70,"column":5}}},"2":{"name":"(anonymous_3)","decl":{"start":{"line":75,"column":25},"end":{"line":75,"column":30}},"loc":{"start":{"line":75,"column":52},"end":{"line":131,"column":1}}},"3":{"name":"(anonymous_4)","decl":{"start":{"line":116,"column":37},"end":{"line":116,"column":38}},"loc":{"start":{"line":116,"column":52},"end":{"line":121,"column":6}}}},"branchMap":{"0":{"loc":{"start":{"line":31,"column":8},"end":{"line":33,"column":9}},"type":"if","locations":[{"start":{"line":31,"column":8},"end":{"line":33,"column":9}},{"start":{},"end":{}}]},"1":{"loc":{"start":{"line":90,"column":4},"end":{"line":92,"column":5}},"type":"if","locations":[{"start":{"line":90,"column":4},"end":{"line":92,"column":5}},{"start":{},"end":{}}]},"2":{"loc":{"start":{"line":96,"column":4},"end":{"line":98,"column":5}},"type":"if","locations":[{"start":{"line":96,"column":4},"end":{"line":98,"column":5}},{"start":{},"end":{}}]},"3":{"loc":{"start":{"line":127,"column":19},"end":{"line":127,"column":108}},"type":"cond-expr","locations":[{"start":{"line":127,"column":36},"end":{"line":127,"column":101}},{"start":{"line":127,"column":104},"end":{"line":127,"column":108}}]}},"s":{"0":0,"1":0,"2":0,"3":0,"4":0,"5":0,"6":0,"7":0,"8":0,"9":0,"10":0,"11":0,"12":0,"13":0,"14":0,"15":0,"16":0,"17":0,"18":0,"19":0,"20":0,"21":0,"22":0,"23":0,"24":0,"25":0,"26":0,"27":0,"28":0,"29":0},"f":{"0":0,"1":0,"2":0,"3":0},"b":{"0":[0,0],"1":[0,0],"2":[0,0],"3":[0,0]}}
,"/Users/marinosantos/nodeproject/ts-api-ecommercemvvm/src/services/users.service.ts": {"path":"/Users/marinosantos/nodeproject/ts-api-ecommercemvvm/src/services/users.service.ts","statementMap":{"0":{"start":{"line":1,"column":0},"end":{"line":1,"column":50}},"1":{"start":{"line":2,"column":0},"end":{"line":2,"column":45}},"2":{"start":{"line":5,"column":22},"end":{"line":53,"column":1}},"3":{"start":{"line":6,"column":17},"end":{"line":6,"column":68}},"4":{"start":{"line":8,"column":4},"end":{"line":10,"column":5}},"5":{"start":{"line":9,"column":8},"end":{"line":9,"column":57}},"6":{"start":{"line":12,"column":20},"end":{"line":12,"column":30}},"7":{"start":{"line":14,"column":4},"end":{"line":16,"column":5}},"8":{"start":{"line":15,"column":8},"end":{"line":15,"column":60}},"9":{"start":{"line":18,"column":24},"end":{"line":31,"column":6}},"10":{"start":{"line":36,"column":27},"end":{"line":41,"column":7}},"11":{"start":{"line":36,"column":64},"end":{"line":41,"column":6}},"12":{"start":{"line":46,"column":38},"end":{"line":46,"column":49}},"13":{"start":{"line":48,"column":4},"end":{"line":52,"column":null}},"14":{"start":{"line":5,"column":13},"end":{"line":5,"column":22}},"15":{"start":{"line":58,"column":27},"end":{"line":60,"column":1}},"16":{"start":{"line":59,"column":4},"end":{"line":59,"column":62}},"17":{"start":{"line":58,"column":13},"end":{"line":58,"column":27}},"18":{"start":{"line":62,"column":24},"end":{"line":78,"column":1}},"19":{"start":{"line":63,"column":17},"end":{"line":63,"column":68}},"20":{"start":{"line":65,"column":4},"end":{"line":67,"column":5}},"21":{"start":{"line":66,"column":8},"end":{"line":66,"column":57}},"22":{"start":{"line":72,"column":38},"end":{"line":72,"column":42}},"23":{"start":{"line":74,"column":4},"end":{"line":77,"column":null}},"24":{"start":{"line":62,"column":13},"end":{"line":62,"column":24}}},"fnMap":{"0":{"name":"(anonymous_0)","decl":{"start":{"line":5,"column":22},"end":{"line":5,"column":27}},"loc":{"start":{"line":5,"column":94},"end":{"line":53,"column":1}}},"1":{"name":"(anonymous_1)","decl":{"start":{"line":36,"column":49},"end":{"line":36,"column":50}},"loc":{"start":{"line":36,"column":64},"end":{"line":41,"column":6}}},"2":{"name":"(anonymous_2)","decl":{"start":{"line":58,"column":27},"end":{"line":58,"column":32}},"loc":{"start":{"line":58,"column":51},"end":{"line":60,"column":1}}},"3":{"name":"(anonymous_3)","decl":{"start":{"line":62,"column":24},"end":{"line":62,"column":29}},"loc":{"start":{"line":62,"column":45},"end":{"line":78,"column":1}}}},"branchMap":{"0":{"loc":{"start":{"line":8,"column":4},"end":{"line":10,"column":5}},"type":"if","locations":[{"start":{"line":8,"column":4},"end":{"line":10,"column":5}},{"start":{},"end":{}}]},"1":{"loc":{"start":{"line":14,"column":4},"end":{"line":16,"column":5}},"type":"if","locations":[{"start":{"line":14,"column":4},"end":{"line":16,"column":5}},{"start":{},"end":{}}]},"2":{"loc":{"start":{"line":21,"column":18},"end":{"line":21,"column":40}},"type":"binary-expr","locations":[{"start":{"line":21,"column":18},"end":{"line":21,"column":27}},{"start":{"line":21,"column":31},"end":{"line":21,"column":40}}]},"3":{"loc":{"start":{"line":22,"column":22},"end":{"line":22,"column":52}},"type":"binary-expr","locations":[{"start":{"line":22,"column":22},"end":{"line":22,"column":35}},{"start":{"line":22,"column":39},"end":{"line":22,"column":52}}]},"4":{"loc":{"start":{"line":23,"column":19},"end":{"line":23,"column":43}},"type":"binary-expr","locations":[{"start":{"line":23,"column":19},"end":{"line":23,"column":29}},{"start":{"line":23,"column":33},"end":{"line":23,"column":43}}]},"5":{"loc":{"start":{"line":50,"column":15},"end":{"line":50,"column":104}},"type":"cond-expr","locations":[{"start":{"line":50,"column":32},"end":{"line":50,"column":97}},{"start":{"line":50,"column":100},"end":{"line":50,"column":104}}]},"6":{"loc":{"start":{"line":65,"column":4},"end":{"line":67,"column":5}},"type":"if","locations":[{"start":{"line":65,"column":4},"end":{"line":67,"column":5}},{"start":{},"end":{}}]},"7":{"loc":{"start":{"line":76,"column":15},"end":{"line":76,"column":104}},"type":"cond-expr","locations":[{"start":{"line":76,"column":32},"end":{"line":76,"column":97}},{"start":{"line":76,"column":100},"end":{"line":76,"column":104}}]}},"s":{"0":0,"1":0,"2":0,"3":0,"4":0,"5":0,"6":0,"7":0,"8":0,"9":0,"10":0,"11":0,"12":0,"13":0,"14":0,"15":0,"16":0,"17":0,"18":0,"19":0,"20":0,"21":0,"22":0,"23":0,"24":0},"f":{"0":0,"1":0,"2":0,"3":0},"b":{"0":[0,0],"1":[0,0],"2":[0,0],"3":[0,0],"4":[0,0],"5":[0,0],"6":[0,0],"7":[0,0]}}
,"/Users/marinosantos/nodeproject/ts-api-ecommercemvvm/src/utils/AppError.ts": {"path":"/Users/marinosantos/nodeproject/ts-api-ecommercemvvm/src/utils/AppError.ts","statementMap":{"0":{"start":{"line":5,"column":8},"end":{"line":5,"column":23}},"1":{"start":{"line":6,"column":8},"end":{"line":6,"column":37}},"2":{"start":{"line":7,"column":8},"end":{"line":7,"column":58}},"3":{"start":{"line":1,"column":0},"end":{"line":1,"column":13}}},"fnMap":{"0":{"name":"(anonymous_0)","decl":{"start":{"line":4,"column":4},"end":{"line":4,"column":16}},"loc":{"start":{"line":4,"column":49},"end":{"line":8,"column":5}}}},"branchMap":{"0":{"loc":{"start":{"line":4,"column":33},"end":{"line":4,"column":49}},"type":"default-arg","locations":[{"start":{"line":4,"column":46},"end":{"line":4,"column":49}}]}},"s":{"0":4,"1":4,"2":4,"3":1},"f":{"0":4},"b":{"0":[3]}}
,"/Users/marinosantos/nodeproject/ts-api-ecommercemvvm/src/validators/auth.validator.ts": {"path":"/Users/marinosantos/nodeproject/ts-api-ecommercemvvm/src/validators/auth.validator.ts","statementMap":{"0":{"start":{"line":1,"column":0},"end":{"line":1,"column":24}},"1":{"start":{"line":3,"column":13},"end":{"line":6,"column":3}},"2":{"start":{"line":4,"column":38},"end":{"line":4,"column":62}}},"fnMap":{"0":{"name":"(anonymous_0)","decl":{"start":{"line":4,"column":29},"end":{"line":4,"column":30}},"loc":{"start":{"line":4,"column":38},"end":{"line":4,"column":62}}}},"branchMap":{},"s":{"0":1,"1":1,"2":4},"f":{"0":4},"b":{}}
,"/Users/marinosantos/nodeproject/ts-api-ecommercemvvm/src/validators/user.validator.ts": {"path":"/Users/marinosantos/nodeproject/ts-api-ecommercemvvm/src/validators/user.validator.ts","statementMap":{"0":{"start":{"line":1,"column":0},"end":{"line":1,"column":24}},"1":{"start":{"line":3,"column":13},"end":{"line":9,"column":3}},"2":{"start":{"line":6,"column":38},"end":{"line":6,"column":62}},"3":{"start":{"line":11,"column":13},"end":{"line":15,"column":3}}},"fnMap":{"0":{"name":"(anonymous_0)","decl":{"start":{"line":6,"column":29},"end":{"line":6,"column":30}},"loc":{"start":{"line":6,"column":38},"end":{"line":6,"column":62}}}},"branchMap":{},"s":{"0":1,"1":1,"2":2,"3":1},"f":{"0":2},"b":{}}
}
