TN:
SF:src/config/jwt.ts
FN:6,(anonymous_1)
FN:10,(anonymous_2)
FNF:2
FNH:2
FNDA:4,(anonymous_1)
FNDA:4,(anonymous_2)
DA:1,1
DA:3,1
DA:4,1
DA:6,1
DA:7,4
DA:10,1
DA:11,4
LF:7
LH:7
BRDA:3,0,0,1
BRDA:3,0,1,1
BRF:2
BRH:2
end_of_record
TN:
SF:src/controllers/auth.controller.ts
FN:4,(anonymous_9)
FN:13,(anonymous_10)
FNF:2
FNH:0
FNDA:0,(anonymous_9)
FNDA:0,(anonymous_10)
DA:2,0
DA:4,0
DA:5,0
DA:6,0
DA:7,0
DA:9,0
DA:13,0
DA:14,0
DA:15,0
DA:16,0
DA:18,0
LF:11
LH:0
BRF:0
BRH:0
end_of_record
TN:
SF:src/controllers/users.controller.ts
FN:4,(anonymous_9)
FN:16,(anonymous_10)
FNF:2
FNH:0
FNDA:0,(anonymous_9)
FNDA:0,(anonymous_10)
DA:2,0
DA:4,0
DA:5,0
DA:6,0
DA:7,0
DA:8,0
DA:9,0
DA:10,0
DA:12,0
DA:16,0
DA:17,0
DA:18,0
DA:19,0
DA:20,0
DA:22,0
LF:15
LH:0
BRF:0
BRH:0
end_of_record
TN:
SF:src/database/prismaClient.ts
FNF:0
FNH:0
DA:1,0
DA:2,0
DA:3,0
DA:5,0
DA:14,0
DA:16,0
LF:6
LH:0
BRF:0
BRH:0
end_of_record
TN:
SF:src/generated/prisma/browser.ts
FNF:0
FNH:0
DA:16,0
DA:17,0
DA:18,0
DA:19,0
LF:4
LH:0
BRF:0
BRH:0
end_of_record
TN:
SF:src/generated/prisma/client.ts
FNF:0
FNH:0
DA:14,0
DA:15,0
DA:16,0
DA:20,0
DA:21,0
DA:23,0
DA:24,0
DA:40,0
DA:42,0
LF:9
LH:0
BRF:0
BRH:0
end_of_record
TN:
SF:src/generated/prisma/internal/class.ts
FN:41,decodeBase64AsWasm
FN:48,(anonymous_10)
FN:50,(anonymous_11)
FN:222,getPrismaClientClass
FNF:4
FNH:0
FNDA:0,decodeBase64AsWasm
FNDA:0,(anonymous_10)
FNDA:0,(anonymous_11)
FNDA:0,getPrismaClientClass
DA:14,0
DA:18,0
DA:35,0
DA:36,0
DA:42,0
DA:43,0
DA:44,0
DA:47,0
DA:48,0
DA:51,0
DA:52,0
DA:222,0
DA:223,0
LF:13
LH:0
BRF:0
BRH:0
end_of_record
TN:
SF:src/generated/prisma/internal/prismaNamespace.ts
FNF:0
FNH:0
DA:18,0
DA:32,0
DA:35,0
DA:38,0
DA:41,0
DA:44,0
DA:50,0
DA:51,0
DA:52,0
DA:53,0
DA:54,0
DA:62,0
DA:71,0
DA:86,0
DA:104,0
DA:114,0
DA:121,0
DA:128,0
DA:386,0
DA:636,0
DA:646,0
DA:662,0
DA:674,0
DA:682,0
DA:690,0
DA:698,0
DA:711,0
DA:721,0
DA:768,0
LF:29
LH:0
BRF:0
BRH:0
end_of_record
TN:
SF:src/generated/prisma/internal/prismaNamespaceBrowser.ts
FNF:0
FNH:0
DA:18,0
DA:23,0
DA:26,0
DA:36,0
DA:43,0
DA:50,0
DA:53,0
DA:65,0
DA:75,0
DA:91,0
DA:103,0
DA:111,0
DA:119,0
DA:127,0
DA:140,0
DA:150,0
LF:16
LH:0
BRF:0
BRH:0
end_of_record
TN:
SF:src/middlewares/authMiddleware.ts
FN:9,(anonymous_0)
FNF:1
FNH:0
FNDA:0,(anonymous_0)
DA:2,0
DA:3,0
DA:9,0
DA:10,0
DA:12,0
DA:13,0
DA:16,0
DA:18,0
DA:22,0
DA:23,0
DA:24,0
DA:26,0
LF:12
LH:0
BRDA:12,0,0,0
BRDA:12,0,1,0
BRDA:12,1,0,0
BRDA:12,1,1,0
BRF:4
BRH:0
end_of_record
TN:
SF:src/middlewares/errorHandler.ts
FN:4,(anonymous_0)
FNF:1
FNH:0
FNDA:0,(anonymous_0)
DA:2,0
DA:4,0
DA:10,0
DA:11,0
DA:17,0
DA:19,0
LF:6
LH:0
BRDA:10,0,0,0
BRDA:10,0,1,0
BRF:2
BRH:0
end_of_record
TN:
SF:src/middlewares/upload.middleware.ts
FN:6,(anonymous_1)
FN:12,(anonymous_2)
FN:20,(anonymous_3)
FNF:3
FNH:0
FNDA:0,(anonymous_1)
FNDA:0,(anonymous_2)
FNDA:0,(anonymous_3)
DA:1,0
DA:2,0
DA:3,0
DA:5,0
DA:7,0
DA:8,0
DA:9,0
DA:10,0
DA:13,0
DA:14,0
DA:18,0
DA:21,0
DA:22,0
DA:23,0
DA:28,0
LF:15
LH:0
BRDA:22,0,0,0
BRDA:22,0,1,0
BRF:2
BRH:0
end_of_record
TN:
SF:src/middlewares/validateBody.ts
FN:4,(anonymous_0)
FN:5,(anonymous_1)
FN:8,(anonymous_2)
FNF:3
FNH:3
FNDA:5,(anonymous_0)
FNDA:5,(anonymous_1)
FNDA:4,(anonymous_2)
DA:4,1
DA:5,5
DA:6,5
DA:7,5
DA:8,4
DA:9,3
DA:15,2
DA:16,2
LF:8
LH:8
BRDA:7,0,0,3
BRDA:7,0,1,2
BRDA:10,1,0,2
BRDA:10,1,1,1
BRF:4
BRH:4
end_of_record
TN:
SF:src/routes/auth.routes.ts
FNF:0
FNH:0
DA:1,0
DA:2,0
DA:3,0
DA:4,0
DA:5,0
DA:7,0
DA:9,0
DA:10,0
DA:12,0
LF:9
LH:0
BRF:0
BRH:0
end_of_record
TN:
SF:src/routes/users.routes.ts
FNF:0
FNH:0
DA:1,0
DA:2,0
DA:3,0
DA:4,0
DA:5,0
DA:6,0
DA:8,0
DA:10,0
DA:11,0
DA:13,0
LF:10
LH:0
BRF:0
BRH:0
end_of_record
TN:
SF:src/services/auth.service.ts
FN:11,(anonymous_1)
FN:16,(anonymous_2)
FN:75,(anonymous_3)
FN:116,(anonymous_4)
FNF:4
FNH:0
FNDA:0,(anonymous_1)
FNDA:0,(anonymous_2)
FNDA:0,(anonymous_3)
FNDA:0,(anonymous_4)
DA:1,0
DA:2,0
DA:3,0
DA:5,0
DA:11,0
DA:12,0
DA:14,0
DA:16,0
DA:17,0
DA:27,0
DA:31,0
DA:32,0
DA:35,0
DA:45,0
DA:50,0
DA:72,0
DA:75,0
DA:76,0
DA:90,0
DA:91,0
DA:94,0
DA:96,0
DA:97,0
DA:103,0
DA:111,0
DA:116,0
DA:123,0
LF:27
LH:0
BRDA:31,0,0,0
BRDA:31,0,1,0
BRDA:90,1,0,0
BRDA:90,1,1,0
BRDA:96,2,0,0
BRDA:96,2,1,0
BRDA:127,3,0,0
BRDA:127,3,1,0
BRF:8
BRH:0
end_of_record
TN:
SF:src/services/users.service.ts
FN:5,(anonymous_0)
FN:36,(anonymous_1)
FN:58,(anonymous_2)
FN:62,(anonymous_3)
FNF:4
FNH:0
FNDA:0,(anonymous_0)
FNDA:0,(anonymous_1)
FNDA:0,(anonymous_2)
FNDA:0,(anonymous_3)
DA:1,0
DA:2,0
DA:5,0
DA:6,0
DA:8,0
DA:9,0
DA:12,0
DA:14,0
DA:15,0
DA:18,0
DA:36,0
DA:46,0
DA:48,0
DA:58,0
DA:59,0
DA:62,0
DA:63,0
DA:65,0
DA:66,0
DA:72,0
DA:74,0
LF:21
LH:0
BRDA:8,0,0,0
BRDA:8,0,1,0
BRDA:14,1,0,0
BRDA:14,1,1,0
BRDA:21,2,0,0
BRDA:21,2,1,0
BRDA:22,3,0,0
BRDA:22,3,1,0
BRDA:23,4,0,0
BRDA:23,4,1,0
BRDA:50,5,0,0
BRDA:50,5,1,0
BRDA:65,6,0,0
BRDA:65,6,1,0
BRDA:76,7,0,0
BRDA:76,7,1,0
BRF:16
BRH:0
end_of_record
TN:
SF:src/utils/AppError.ts
FN:4,(anonymous_0)
FNF:1
FNH:1
FNDA:4,(anonymous_0)
DA:1,1
DA:5,4
DA:6,4
DA:7,4
LF:4
LH:4
BRDA:4,0,0,3
BRF:1
BRH:1
end_of_record
TN:
SF:src/validators/auth.validator.ts
FN:4,(anonymous_0)
FNF:1
FNH:1
FNDA:4,(anonymous_0)
DA:1,1
DA:3,1
DA:4,4
LF:3
LH:3
BRF:0
BRH:0
end_of_record
TN:
SF:src/validators/user.validator.ts
FN:6,(anonymous_0)
FNF:1
FNH:1
FNDA:2,(anonymous_0)
DA:1,1
DA:3,1
DA:6,2
DA:11,1
LF:4
LH:4
BRF:0
BRH:0
end_of_record
