TN:
SF:src/config/jwt.ts
FN:6,(anonymous_1)
FN:10,(anonymous_2)
FNF:2
FNH:2
FNDA:4,(anonymous_1)
FNDA:4,(anonymous_2)
DA:1,1
DA:3,1
DA:4,1
DA:6,1
DA:7,4
DA:10,1
DA:11,4
LF:7
LH:7
BRDA:3,0,0,1
BRDA:3,0,1,1
BRF:2
BRH:2
end_of_record
TN:
SF:src/controllers/auth.controller.ts
FN:4,(anonymous_9)
FN:13,(anonymous_10)
FNF:2
FNH:2
FNDA:2,(anonymous_9)
FNDA:2,(anonymous_10)
DA:2,1
DA:4,1
DA:5,2
DA:6,2
DA:7,1
DA:9,1
DA:13,1
DA:14,2
DA:15,2
DA:16,1
DA:18,1
LF:11
LH:11
BRF:0
BRH:0
end_of_record
TN:
SF:src/controllers/users.controller.ts
FN:4,(anonymous_9)
FN:16,(anonymous_10)
FNF:2
FNH:2
FNDA:2,(anonymous_9)
FNDA:2,(anonymous_10)
DA:2,1
DA:4,1
DA:5,2
DA:6,2
DA:7,2
DA:8,2
DA:9,2
DA:10,1
DA:12,1
DA:16,1
DA:17,2
DA:18,2
DA:19,2
DA:20,1
DA:22,1
LF:15
LH:15
BRF:0
BRH:0
end_of_record
TN:
SF:src/middlewares/authMiddleware.ts
FN:9,(anonymous_0)
FNF:1
FNH:1
FNDA:4,(anonymous_0)
DA:2,1
DA:3,1
DA:9,1
DA:10,4
DA:12,4
DA:13,2
DA:16,2
DA:18,2
DA:22,2
DA:23,1
DA:24,1
DA:26,1
LF:12
LH:12
BRDA:12,0,0,2
BRDA:12,0,1,2
BRDA:12,1,0,4
BRDA:12,1,1,3
BRF:4
BRH:4
end_of_record
TN:
SF:src/middlewares/errorHandler.ts
FN:4,(anonymous_0)
FNF:1
FNH:1
FNDA:2,(anonymous_0)
DA:2,1
DA:4,1
DA:10,2
DA:11,1
DA:17,1
DA:19,1
LF:6
LH:6
BRDA:10,0,0,1
BRDA:10,0,1,1
BRF:2
BRH:2
end_of_record
TN:
SF:src/middlewares/upload.middleware.ts
FN:6,(anonymous_1)
FN:12,(anonymous_2)
FN:20,(anonymous_3)
FNF:3
FNH:3
FNDA:1,(anonymous_1)
FNDA:2,(anonymous_2)
FNDA:4,(anonymous_3)
DA:1,7
DA:2,7
DA:3,7
DA:5,7
DA:7,1
DA:8,1
DA:9,1
DA:10,1
DA:13,2
DA:14,2
DA:18,7
DA:21,4
DA:22,4
DA:23,1
DA:28,3
LF:15
LH:15
BRDA:22,0,0,1
BRDA:22,0,1,3
BRF:2
BRH:2
end_of_record
TN:
SF:src/middlewares/validateBody.ts
FN:4,(anonymous_0)
FN:5,(anonymous_1)
FN:8,(anonymous_2)
FNF:3
FNH:3
FNDA:5,(anonymous_0)
FNDA:5,(anonymous_1)
FNDA:4,(anonymous_2)
DA:4,1
DA:5,5
DA:6,5
DA:7,5
DA:8,4
DA:9,3
DA:15,2
DA:16,2
LF:8
LH:8
BRDA:7,0,0,3
BRDA:7,0,1,2
BRDA:10,1,0,2
BRDA:10,1,1,1
BRF:4
BRH:4
end_of_record
TN:
SF:src/services/auth.service.ts
FN:11,(anonymous_1)
FN:16,(anonymous_2)
FN:75,(anonymous_3)
FN:116,(anonymous_4)
FNF:4
FNH:4
FNDA:3,(anonymous_1)
FNDA:3,(anonymous_2)
FNDA:4,(anonymous_3)
FNDA:1,(anonymous_4)
DA:1,1
DA:2,1
DA:3,1
DA:5,1
DA:11,1
DA:12,3
DA:14,3
DA:16,3
DA:17,3
DA:27,3
DA:31,3
DA:32,1
DA:35,2
DA:45,2
DA:50,2
DA:72,2
DA:75,1
DA:76,4
DA:90,4
DA:91,1
DA:94,3
DA:96,3
DA:97,1
DA:103,2
DA:111,2
DA:116,2
DA:123,2
LF:27
LH:27
BRDA:31,0,0,1
BRDA:31,0,1,2
BRDA:90,1,0,1
BRDA:90,1,1,3
BRDA:96,2,0,1
BRDA:96,2,1,2
BRDA:127,3,0,0
BRDA:127,3,1,2
BRF:8
BRH:7
end_of_record
TN:
SF:src/services/users.service.ts
FN:5,(anonymous_0)
FN:36,(anonymous_1)
FN:58,(anonymous_2)
FN:62,(anonymous_3)
FNF:4
FNH:3
FNDA:2,(anonymous_0)
FNDA:1,(anonymous_1)
FNDA:0,(anonymous_2)
FNDA:2,(anonymous_3)
DA:1,1
DA:2,1
DA:5,1
DA:6,2
DA:8,2
DA:9,1
DA:12,1
DA:14,1
DA:15,0
DA:18,1
DA:36,1
DA:46,1
DA:48,1
DA:58,1
DA:59,0
DA:62,1
DA:63,2
DA:65,2
DA:66,1
DA:72,1
DA:74,1
LF:21
LH:19
BRDA:8,0,0,1
BRDA:8,0,1,1
BRDA:14,1,0,0
BRDA:14,1,1,1
BRDA:21,2,0,1
BRDA:21,2,1,0
BRDA:22,3,0,1
BRDA:22,3,1,1
BRDA:23,4,0,1
BRDA:23,4,1,0
BRDA:50,5,0,0
BRDA:50,5,1,1
BRDA:65,6,0,1
BRDA:65,6,1,1
BRDA:76,7,0,0
BRDA:76,7,1,1
BRF:16
BRH:11
end_of_record
TN:
SF:src/utils/AppError.ts
FN:4,(anonymous_0)
FNF:1
FNH:1
FNDA:13,(anonymous_0)
DA:1,5
DA:5,13
DA:6,13
DA:7,13
LF:4
LH:4
BRDA:4,0,0,3
BRF:1
BRH:1
end_of_record
TN:
SF:src/validators/auth.validator.ts
FN:4,(anonymous_0)
FNF:1
FNH:1
FNDA:4,(anonymous_0)
DA:1,1
DA:3,1
DA:4,4
LF:3
LH:3
BRF:0
BRH:0
end_of_record
TN:
SF:src/validators/user.validator.ts
FN:6,(anonymous_0)
FNF:1
FNH:1
FNDA:2,(anonymous_0)
DA:1,1
DA:3,1
DA:6,2
DA:11,1
LF:4
LH:4
BRF:0
BRH:0
end_of_record
